<?xml version="1.0" encoding="UTF-8"?>
<coverage generated="1739564006354" clover="3.2.0">
  <project timestamp="1739564006354" name="All files">
    <metrics statements="219" coveredstatements="190" conditionals="99" coveredconditionals="71" methods="63" coveredmethods="43" elements="381" coveredelements="304" complexity="0" loc="219" ncloc="219" packages="6" files="19" classes="19"/>
    <package name="components.cart">
      <metrics statements="18" coveredstatements="5" conditionals="8" coveredconditionals="0" methods="10" coveredmethods="0"/>
      <file name="slice.tsx" path="/home/leonildo/Compass/ti-rex-challenge3-persistence/src/components/cart/slice.tsx">
        <metrics statements="18" coveredstatements="5" conditionals="8" coveredconditionals="0" methods="10" coveredmethods="0"/>
        <line num="1" count="1" type="stmt"/>
        <line num="3" count="1" type="stmt"/>
        <line num="7" count="1" type="stmt"/>
        <line num="12" count="0" type="stmt"/>
        <line num="13" count="0" type="stmt"/>
        <line num="16" count="0" type="cond" truecount="0" falsecount="2"/>
        <line num="17" count="0" type="stmt"/>
        <line num="18" count="0" type="cond" truecount="0" falsecount="2"/>
        <line num="26" count="0" type="stmt"/>
        <line num="31" count="0" type="stmt"/>
        <line num="32" count="0" type="stmt"/>
        <line num="37" count="0" type="stmt"/>
        <line num="38" count="0" type="cond" truecount="0" falsecount="2"/>
        <line num="45" count="0" type="stmt"/>
        <line num="47" count="0" type="cond" truecount="0" falsecount="2"/>
        <line num="51" count="0" type="stmt"/>
        <line num="56" count="1" type="stmt"/>
        <line num="63" count="1" type="stmt"/>
      </file>
    </package>
    <package name="components.common">
      <metrics statements="122" coveredstatements="108" conditionals="59" coveredconditionals="44" methods="37" coveredmethods="27"/>
      <file name="BottomBanner.tsx" path="/home/leonildo/Compass/ti-rex-challenge3-persistence/src/components/common/BottomBanner.tsx">
        <metrics statements="3" coveredstatements="3" conditionals="0" coveredconditionals="0" methods="1" coveredmethods="1"/>
        <line num="3" count="1" type="stmt"/>
        <line num="4" count="1" type="stmt"/>
        <line num="75" count="1" type="stmt"/>
      </file>
      <file name="Button.tsx" path="/home/leonildo/Compass/ti-rex-challenge3-persistence/src/components/common/Button.tsx">
        <metrics statements="13" coveredstatements="13" conditionals="2" coveredconditionals="2" methods="2" coveredmethods="2"/>
        <line num="18" count="1" type="stmt"/>
        <line num="36" count="1" type="stmt"/>
        <line num="63" count="1" type="stmt"/>
        <line num="64" count="7" type="cond" truecount="1" falsecount="0"/>
        <line num="65" count="6" type="cond" truecount="1" falsecount="0"/>
        <line num="66" count="4" type="stmt"/>
        <line num="69" count="1" type="stmt"/>
        <line num="76" count="7" type="stmt"/>
        <line num="77" count="7" type="stmt"/>
        <line num="78" count="7" type="stmt"/>
        <line num="80" count="7" type="stmt"/>
        <line num="82" count="7" type="stmt"/>
        <line num="89" count="1" type="stmt"/>
      </file>
      <file name="CheckoutForm.tsx" path="/home/leonildo/Compass/ti-rex-challenge3-persistence/src/components/common/CheckoutForm.tsx">
        <metrics statements="45" coveredstatements="37" conditionals="11" coveredconditionals="8" methods="13" coveredmethods="6"/>
        <line num="1" count="1" type="stmt"/>
        <line num="2" count="1" type="stmt"/>
        <line num="18" count="1" type="stmt"/>
        <line num="19" count="14" type="stmt"/>
        <line num="20" count="14" type="stmt"/>
        <line num="21" count="14" type="stmt"/>
        <line num="22" count="14" type="stmt"/>
        <line num="23" count="14" type="stmt"/>
        <line num="24" count="14" type="stmt"/>
        <line num="25" count="14" type="stmt"/>
        <line num="26" count="14" type="stmt"/>
        <line num="27" count="14" type="stmt"/>
        <line num="28" count="14" type="stmt"/>
        <line num="30" count="14" type="stmt"/>
        <line num="40" count="14" type="stmt"/>
        <line num="41" count="12" type="stmt"/>
        <line num="51" count="12" type="cond" truecount="1" falsecount="0"/>
        <line num="52" count="4" type="stmt"/>
        <line num="53" count="4" type="stmt"/>
        <line num="67" count="14" type="stmt"/>
        <line num="69" count="3" type="stmt"/>
        <line num="70" count="3" type="stmt"/>
        <line num="71" count="3" type="stmt"/>
        <line num="73" count="3" type="cond" truecount="1" falsecount="0"/>
        <line num="74" count="3" type="stmt"/>
        <line num="75" count="3" type="stmt"/>
        <line num="76" count="3" type="stmt"/>
        <line num="77" count="3" type="stmt"/>
        <line num="79" count="3" type="cond" truecount="1" falsecount="0"/>
        <line num="80" count="3" type="cond" truecount="1" falsecount="1"/>
        <line num="81" count="3" type="cond" truecount="1" falsecount="1"/>
        <line num="82" count="3" type="cond" truecount="1" falsecount="1"/>
        <line num="85" count="0" type="stmt"/>
        <line num="87" count="3" type="stmt"/>
        <line num="92" count="14" type="stmt"/>
        <line num="101" count="0" type="stmt"/>
        <line num="115" count="1" type="stmt"/>
        <line num="130" count="1" type="stmt"/>
        <line num="162" count="0" type="stmt"/>
        <line num="178" count="0" type="stmt"/>
        <line num="194" count="0" type="stmt"/>
        <line num="210" count="0" type="stmt"/>
        <line num="226" count="0" type="stmt"/>
        <line num="240" count="0" type="stmt"/>
        <line num="249" count="1" type="stmt"/>
      </file>
      <file name="LoadingSpinner.tsx" path="/home/leonildo/Compass/ti-rex-challenge3-persistence/src/components/common/LoadingSpinner.tsx">
        <metrics statements="3" coveredstatements="3" conditionals="0" coveredconditionals="0" methods="1" coveredmethods="1"/>
        <line num="3" count="2" type="stmt"/>
        <line num="4" count="6" type="stmt"/>
        <line num="17" count="2" type="stmt"/>
      </file>
      <file name="Pagination.tsx" path="/home/leonildo/Compass/ti-rex-challenge3-persistence/src/components/common/Pagination.tsx">
        <metrics statements="12" coveredstatements="12" conditionals="7" coveredconditionals="7" methods="7" coveredmethods="7"/>
        <line num="10" count="1" type="stmt"/>
        <line num="16" count="8" type="stmt"/>
        <line num="18" count="8" type="stmt"/>
        <line num="19" count="3" type="cond" truecount="3" falsecount="0"/>
        <line num="20" count="3" type="stmt"/>
        <line num="24" count="36" type="stmt"/>
        <line num="26" count="8" type="stmt"/>
        <line num="29" count="1" type="stmt"/>
        <line num="37" count="36" type="stmt"/>
        <line num="39" count="1" type="stmt"/>
        <line num="50" count="1" type="stmt"/>
        <line num="60" count="1" type="stmt"/>
      </file>
      <file name="PlaceOrder.tsx" path="/home/leonildo/Compass/ti-rex-challenge3-persistence/src/components/common/PlaceOrder.tsx">
        <metrics statements="30" coveredstatements="26" conditionals="19" coveredconditionals="11" methods="7" coveredmethods="6"/>
        <line num="1" count="1" type="stmt"/>
        <line num="2" count="1" type="stmt"/>
        <line num="3" count="1" type="stmt"/>
        <line num="4" count="1" type="stmt"/>
        <line num="6" count="1" type="stmt"/>
        <line num="20" count="1" type="stmt"/>
        <line num="21" count="8" type="stmt"/>
        <line num="22" count="8" type="cond" truecount="7" falsecount="3"/>
        <line num="23" count="8" type="stmt"/>
        <line num="24" count="13" type="stmt"/>
        <line num="25" count="8" type="stmt"/>
        <line num="26" count="8" type="stmt"/>
        <line num="27" count="8" type="stmt"/>
        <line num="29" count="16" type="stmt"/>
        <line num="35" count="8" type="stmt"/>
        <line num="36" count="3" type="stmt"/>
        <line num="53" count="3" type="stmt"/>
        <line num="54" count="3" type="stmt"/>
        <line num="55" count="3" type="stmt"/>
        <line num="56" count="3" type="stmt"/>
        <line num="65" count="0" type="cond" truecount="0" falsecount="1"/>
        <line num="66" count="0" type="stmt"/>
        <line num="69" count="0" type="stmt"/>
        <line num="71" count="3" type="cond" truecount="1" falsecount="1"/>
        <line num="73" count="3" type="stmt"/>
        <line num="74" count="3" type="stmt"/>
        <line num="78" count="8" type="stmt"/>
        <line num="96" count="16" type="stmt"/>
        <line num="174" count="0" type="stmt"/>
        <line num="194" count="1" type="stmt"/>
      </file>
      <file name="StarRating.tsx" path="/home/leonildo/Compass/ti-rex-challenge3-persistence/src/components/common/StarRating.tsx">
        <metrics statements="6" coveredstatements="6" conditionals="0" coveredconditionals="0" methods="2" coveredmethods="2"/>
        <line num="7" count="1" type="stmt"/>
        <line num="8" count="5" type="stmt"/>
        <line num="10" count="5" type="stmt"/>
        <line num="13" count="25" type="stmt"/>
        <line num="14" count="25" type="stmt"/>
        <line num="29" count="1" type="stmt"/>
      </file>
      <file name="ThankYouOverlay.tsx" path="/home/leonildo/Compass/ti-rex-challenge3-persistence/src/components/common/ThankYouOverlay.tsx">
        <metrics statements="3" coveredstatements="3" conditionals="0" coveredconditionals="0" methods="1" coveredmethods="1"/>
        <line num="7" count="1" type="stmt"/>
        <line num="8" count="3" type="stmt"/>
        <line num="29" count="1" type="stmt"/>
      </file>
      <file name="ThumbnailCarousel.tsx" path="/home/leonildo/Compass/ti-rex-challenge3-persistence/src/components/common/ThumbnailCarousel.tsx">
        <metrics statements="7" coveredstatements="5" conditionals="20" coveredconditionals="16" methods="3" coveredmethods="1"/>
        <line num="1" count="1" type="stmt"/>
        <line num="8" count="1" type="stmt"/>
        <line num="9" count="4" type="stmt"/>
        <line num="13" count="4" type="stmt"/>
        <line num="17" count="0" type="cond" truecount="4" falsecount="0"/>
        <line num="23" count="0" type="stmt"/>
        <line num="44" count="1" type="stmt"/>
      </file>
    </package>
    <package name="components.layout">
      <metrics statements="56" coveredstatements="56" conditionals="28" coveredconditionals="25" methods="12" coveredmethods="12"/>
      <file name="CheckoutSection.tsx" path="/home/leonildo/Compass/ti-rex-challenge3-persistence/src/components/layout/CheckoutSection.tsx">
        <metrics statements="9" coveredstatements="9" conditionals="0" coveredconditionals="0" methods="2" coveredmethods="2"/>
        <line num="1" count="1" type="stmt"/>
        <line num="2" count="1" type="stmt"/>
        <line num="3" count="1" type="stmt"/>
        <line num="15" count="1" type="stmt"/>
        <line num="16" count="3" type="stmt"/>
        <line num="26" count="3" type="stmt"/>
        <line num="27" count="1" type="stmt"/>
        <line num="30" count="3" type="stmt"/>
        <line num="38" count="1" type="stmt"/>
      </file>
      <file name="ContactSection.tsx" path="/home/leonildo/Compass/ti-rex-challenge3-persistence/src/components/layout/ContactSection.tsx">
        <metrics statements="36" coveredstatements="36" conditionals="18" coveredconditionals="18" methods="8" coveredmethods="8"/>
        <line num="1" count="1" type="stmt"/>
        <line num="2" count="1" type="stmt"/>
        <line num="10" count="1" type="stmt"/>
        <line num="11" count="19" type="stmt"/>
        <line num="12" count="19" type="stmt"/>
        <line num="13" count="19" type="stmt"/>
        <line num="14" count="19" type="stmt"/>
        <line num="16" count="19" type="stmt"/>
        <line num="17" count="19" type="stmt"/>
        <line num="19" count="19" type="stmt"/>
        <line num="20" count="3" type="stmt"/>
        <line num="22" count="3" type="cond" truecount="1" falsecount="0"/>
        <line num="23" count="1" type="stmt"/>
        <line num="26" count="3" type="cond" truecount="1" falsecount="0"/>
        <line num="27" count="1" type="stmt"/>
        <line num="30" count="3" type="cond" truecount="1" falsecount="0"/>
        <line num="31" count="1" type="stmt"/>
        <line num="34" count="3" type="stmt"/>
        <line num="35" count="3" type="stmt"/>
        <line num="38" count="19" type="stmt"/>
        <line num="39" count="3" type="stmt"/>
        <line num="41" count="3" type="cond" truecount="1" falsecount="0"/>
        <line num="42" count="2" type="stmt"/>
        <line num="48" count="2" type="stmt"/>
        <line num="49" count="2" type="stmt"/>
        <line num="50" count="2" type="stmt"/>
        <line num="51" count="2" type="stmt"/>
        <line num="52" count="2" type="stmt"/>
        <line num="53" count="2" type="stmt"/>
        <line num="57" count="19" type="stmt"/>
        <line num="130" count="3" type="stmt"/>
        <line num="149" count="3" type="stmt"/>
        <line num="168" count="2" type="stmt"/>
        <line num="182" count="3" type="stmt"/>
        <line num="202" count="1" type="stmt"/>
        <line num="208" count="1" type="stmt"/>
      </file>
      <file name="NotFoundSection.tsx" path="/home/leonildo/Compass/ti-rex-challenge3-persistence/src/components/layout/NotFoundSection.tsx">
        <metrics statements="3" coveredstatements="3" conditionals="0" coveredconditionals="0" methods="1" coveredmethods="1"/>
        <line num="3" count="1" type="stmt"/>
        <line num="4" count="4" type="stmt"/>
        <line num="15" count="1" type="stmt"/>
      </file>
      <file name="ProfileMobileSection.tsx" path="/home/leonildo/Compass/ti-rex-challenge3-persistence/src/components/layout/ProfileMobileSection.tsx">
        <metrics statements="8" coveredstatements="8" conditionals="10" coveredconditionals="7" methods="1" coveredmethods="1"/>
        <line num="2" count="1" type="stmt"/>
        <line num="4" count="1" type="stmt"/>
        <line num="5" count="8" type="stmt"/>
        <line num="7" count="8" type="cond" truecount="7" falsecount="3"/>
        <line num="8" count="8" type="stmt"/>
        <line num="9" count="8" type="stmt"/>
        <line num="11" count="8" type="stmt"/>
        <line num="59" count="1" type="stmt"/>
      </file>
    </package>
    <package name="components.layout.home">
      <metrics statements="9" coveredstatements="9" conditionals="0" coveredconditionals="0" methods="3" coveredmethods="3"/>
      <file name="BannerSection.tsx" path="/home/leonildo/Compass/ti-rex-challenge3-persistence/src/components/layout/home/BannerSection.tsx">
        <metrics statements="4" coveredstatements="4" conditionals="0" coveredconditionals="0" methods="1" coveredmethods="1"/>
        <line num="2" count="1" type="stmt"/>
        <line num="5" count="1" type="stmt"/>
        <line num="6" count="6" type="stmt"/>
        <line num="29" count="1" type="stmt"/>
      </file>
      <file name="BrowseSection.tsx" path="/home/leonildo/Compass/ti-rex-challenge3-persistence/src/components/layout/home/BrowseSection.tsx">
        <metrics statements="5" coveredstatements="5" conditionals="0" coveredconditionals="0" methods="2" coveredmethods="2"/>
        <line num="3" count="1" type="stmt"/>
        <line num="4" count="6" type="stmt"/>
        <line num="22" count="6" type="stmt"/>
        <line num="33" count="18" type="stmt"/>
        <line num="51" count="1" type="stmt"/>
      </file>
    </package>
    <package name="components.user">
      <metrics statements="10" coveredstatements="8" conditionals="4" coveredconditionals="2" methods="1" coveredmethods="1"/>
      <file name="action-types.tsx" path="/home/leonildo/Compass/ti-rex-challenge3-persistence/src/components/user/action-types.tsx">
        <metrics statements="2" coveredstatements="2" conditionals="0" coveredconditionals="0" methods="0" coveredmethods="0"/>
        <line num="1" count="1" type="stmt"/>
        <line num="6" count="1" type="stmt"/>
      </file>
      <file name="reducer.tsx" path="/home/leonildo/Compass/ti-rex-challenge3-persistence/src/components/user/reducer.tsx">
        <metrics statements="8" coveredstatements="6" conditionals="4" coveredconditionals="2" methods="1" coveredmethods="1"/>
        <line num="1" count="1" type="stmt"/>
        <line num="3" count="1" type="stmt"/>
        <line num="7" count="1" type="cond" truecount="1" falsecount="0"/>
        <line num="8" count="3" type="cond" truecount="1" falsecount="2"/>
        <line num="10" count="0" type="stmt"/>
        <line num="12" count="0" type="stmt"/>
        <line num="14" count="3" type="stmt"/>
        <line num="18" count="1" type="stmt"/>
      </file>
    </package>
    <package name="redux">
      <metrics statements="4" coveredstatements="4" conditionals="0" coveredconditionals="0" methods="0" coveredmethods="0"/>
      <file name="store.tsx" path="/home/leonildo/Compass/ti-rex-challenge3-persistence/src/redux/store.tsx">
        <metrics statements="4" coveredstatements="4" conditionals="0" coveredconditionals="0" methods="0" coveredmethods="0"/>
        <line num="1" count="1" type="stmt"/>
        <line num="2" count="1" type="stmt"/>
        <line num="3" count="1" type="stmt"/>
        <line num="5" count="1" type="stmt"/>
      </file>
    </package>
  </project>
</coverage>
