{"/home/leonildo/Compass/ti-rex-challenge3-persistence/src/components/cart/slice.tsx": {"path":"/home/leonildo/Compass/ti-rex-challenge3-persistence/src/components/cart/slice.tsx","statementMap":{"0":{"start":{"line":1,"column":0},"end":{"line":1,"column":47}},"1":{"start":{"line":3,"column":21},"end":{"line":5,"column":2}},"2":{"start":{"line":7,"column":18},"end":{"line":54,"column":2}},"3":{"start":{"line":12,"column":37},"end":{"line":13,"column":null}},"4":{"start":{"line":13,"column":21},"end":{"line":13,"column":53}},"5":{"start":{"line":16,"column":6},"end":{"line":27,"column":7}},"6":{"start":{"line":17,"column":8},"end":{"line":24,"column":10}},"7":{"start":{"line":18,"column":10},"end":{"line":23,"column":21}},"8":{"start":{"line":26,"column":8},"end":{"line":26,"column":44}},"9":{"start":{"line":31,"column":6},"end":{"line":33,"column":8}},"10":{"start":{"line":32,"column":21},"end":{"line":32,"column":50}},"11":{"start":{"line":37,"column":6},"end":{"line":41,"column":8}},"12":{"start":{"line":38,"column":8},"end":{"line":40,"column":19}},"13":{"start":{"line":45,"column":6},"end":{"line":51,"column":51}},"14":{"start":{"line":47,"column":10},"end":{"line":49,"column":21}},"15":{"start":{"line":51,"column":29},"end":{"line":51,"column":49}},"16":{"start":{"line":56,"column":13},"end":{"line":60,"column":null}},"17":{"start":{"line":63,"column":0},"end":{"line":63,"column":33}}},"fnMap":{"0":{"name":"(anonymous_0)","decl":{"start":{"line":11,"column":22},"end":{"line":11,"column":23}},"loc":{"start":{"line":11,"column":40},"end":{"line":28,"column":5}}},"1":{"name":"(anonymous_1)","decl":{"start":{"line":13,"column":8},"end":{"line":13,"column":9}},"loc":{"start":{"line":13,"column":21},"end":{"line":13,"column":53}}},"2":{"name":"(anonymous_2)","decl":{"start":{"line":17,"column":44},"end":{"line":17,"column":45}},"loc":{"start":{"line":18,"column":10},"end":{"line":23,"column":21}}},"3":{"name":"(anonymous_3)","decl":{"start":{"line":30,"column":27},"end":{"line":30,"column":28}},"loc":{"start":{"line":30,"column":45},"end":{"line":34,"column":5}}},"4":{"name":"(anonymous_4)","decl":{"start":{"line":32,"column":8},"end":{"line":32,"column":9}},"loc":{"start":{"line":32,"column":21},"end":{"line":32,"column":50}}},"5":{"name":"(anonymous_5)","decl":{"start":{"line":36,"column":22},"end":{"line":36,"column":23}},"loc":{"start":{"line":36,"column":40},"end":{"line":42,"column":5}}},"6":{"name":"(anonymous_6)","decl":{"start":{"line":37,"column":42},"end":{"line":37,"column":43}},"loc":{"start":{"line":38,"column":8},"end":{"line":40,"column":19}}},"7":{"name":"(anonymous_7)","decl":{"start":{"line":44,"column":22},"end":{"line":44,"column":23}},"loc":{"start":{"line":44,"column":40},"end":{"line":52,"column":5}}},"8":{"name":"(anonymous_8)","decl":{"start":{"line":46,"column":13},"end":{"line":46,"column":14}},"loc":{"start":{"line":47,"column":10},"end":{"line":49,"column":21}}},"9":{"name":"(anonymous_9)","decl":{"start":{"line":51,"column":16},"end":{"line":51,"column":17}},"loc":{"start":{"line":51,"column":29},"end":{"line":51,"column":49}}}},"branchMap":{"0":{"loc":{"start":{"line":16,"column":6},"end":{"line":27,"column":7}},"type":"if","locations":[{"start":{"line":16,"column":6},"end":{"line":27,"column":7}},{"start":{"line":25,"column":13},"end":{"line":27,"column":7}}]},"1":{"loc":{"start":{"line":18,"column":10},"end":{"line":23,"column":21}},"type":"cond-expr","locations":[{"start":{"line":19,"column":13},"end":{"line":21,"column":null}},{"start":{"line":23,"column":14},"end":{"line":23,"column":21}}]},"2":{"loc":{"start":{"line":38,"column":8},"end":{"line":40,"column":19}},"type":"cond-expr","locations":[{"start":{"line":39,"column":11},"end":{"line":39,"column":null}},{"start":{"line":40,"column":12},"end":{"line":40,"column":19}}]},"3":{"loc":{"start":{"line":47,"column":10},"end":{"line":49,"column":21}},"type":"cond-expr","locations":[{"start":{"line":48,"column":13},"end":{"line":48,"column":null}},{"start":{"line":49,"column":14},"end":{"line":49,"column":21}}]}},"s":{"0":1,"1":1,"2":1,"3":0,"4":0,"5":0,"6":0,"7":0,"8":0,"9":0,"10":0,"11":0,"12":0,"13":0,"14":0,"15":0,"16":1,"17":1},"f":{"0":0,"1":0,"2":0,"3":0,"4":0,"5":0,"6":0,"7":0,"8":0,"9":0},"b":{"0":[0,0],"1":[0,0],"2":[0,0],"3":[0,0]}}
,"/home/leonildo/Compass/ti-rex-challenge3-persistence/src/components/common/BottomBanner.tsx": {"path":"/home/leonildo/Compass/ti-rex-challenge3-persistence/src/components/common/BottomBanner.tsx","statementMap":{"0":{"start":{"line":3,"column":31},"end":{"line":73,"column":1}},"1":{"start":{"line":4,"column":2},"end":{"line":72,"column":4}},"2":{"start":{"line":75,"column":0},"end":{"line":75,"column":28}}},"fnMap":{"0":{"name":"(anonymous_0)","decl":{"start":{"line":3,"column":31},"end":{"line":3,"column":34}},"loc":{"start":{"line":3,"column":36},"end":{"line":73,"column":1}}}},"branchMap":{},"s":{"0":1,"1":1,"2":1},"f":{"0":1},"b":{}}
,"/home/leonildo/Compass/ti-rex-challenge3-persistence/src/components/common/Button.tsx": {"path":"/home/leonildo/Compass/ti-rex-challenge3-persistence/src/components/common/Button.tsx","statementMap":{"0":{"start":{"line":18,"column":58},"end":{"line":31,"column":2}},"1":{"start":{"line":36,"column":4},"end":{"line":61,"column":2}},"2":{"start":{"line":63,"column":22},"end":{"line":67,"column":1}},"3":{"start":{"line":64,"column":2},"end":{"line":64,"column":48}},"4":{"start":{"line":64,"column":32},"end":{"line":64,"column":48}},"5":{"start":{"line":65,"column":2},"end":{"line":65,"column":48}},"6":{"start":{"line":65,"column":32},"end":{"line":65,"column":48}},"7":{"start":{"line":66,"column":2},"end":{"line":66,"column":19}},"8":{"start":{"line":69,"column":38},"end":{"line":87,"column":1}},"9":{"start":{"line":76,"column":21},"end":{"line":76,"column":36}},"10":{"start":{"line":77,"column":22},"end":{"line":77,"column":40}},"11":{"start":{"line":78,"column":22},"end":{"line":78,"column":52}},"12":{"start":{"line":80,"column":18},"end":{"line":80,"column":64}},"13":{"start":{"line":82,"column":2},"end":{"line":86,"column":4}},"14":{"start":{"line":89,"column":0},"end":{"line":89,"column":22}}},"fnMap":{"0":{"name":"(anonymous_0)","decl":{"start":{"line":63,"column":22},"end":{"line":63,"column":25}},"loc":{"start":{"line":63,"column":27},"end":{"line":67,"column":1}}},"1":{"name":"(anonymous_1)","decl":{"start":{"line":69,"column":38},"end":{"line":69,"column":39}},"loc":{"start":{"line":75,"column":5},"end":{"line":87,"column":1}}}},"branchMap":{"0":{"loc":{"start":{"line":64,"column":2},"end":{"line":64,"column":48}},"type":"if","locations":[{"start":{"line":64,"column":2},"end":{"line":64,"column":48}}]},"1":{"loc":{"start":{"line":65,"column":2},"end":{"line":65,"column":48}},"type":"if","locations":[{"start":{"line":65,"column":2},"end":{"line":65,"column":48}}]}},"s":{"0":1,"1":1,"2":1,"3":7,"4":1,"5":6,"6":2,"7":4,"8":1,"9":7,"10":7,"11":7,"12":7,"13":7,"14":1},"f":{"0":7,"1":7},"b":{"0":[1],"1":[2]}}
,"/home/leonildo/Compass/ti-rex-challenge3-persistence/src/components/common/CheckoutForm.tsx": {"path":"/home/leonildo/Compass/ti-rex-challenge3-persistence/src/components/common/CheckoutForm.tsx","statementMap":{"0":{"start":{"line":1,"column":0},"end":{"line":1,"column":51}},"1":{"start":{"line":2,"column":0},"end":{"line":2,"column":46}},"2":{"start":{"line":18,"column":50},"end":{"line":247,"column":1}},"3":{"start":{"line":19,"column":32},"end":{"line":19,"column":44}},"4":{"start":{"line":20,"column":44},"end":{"line":20,"column":56}},"5":{"start":{"line":21,"column":34},"end":{"line":21,"column":46}},"6":{"start":{"line":22,"column":34},"end":{"line":22,"column":46}},"7":{"start":{"line":23,"column":36},"end":{"line":23,"column":48}},"8":{"start":{"line":24,"column":34},"end":{"line":24,"column":46}},"9":{"start":{"line":25,"column":32},"end":{"line":25,"column":44}},"10":{"start":{"line":26,"column":42},"end":{"line":26,"column":54}},"11":{"start":{"line":27,"column":46},"end":{"line":27,"column":58}},"12":{"start":{"line":28,"column":32},"end":{"line":28,"column":47}},"13":{"start":{"line":30,"column":34},"end":{"line":38,"column":4}},"14":{"start":{"line":40,"column":2},"end":{"line":65,"column":5}},"15":{"start":{"line":41,"column":34},"end":{"line":49,"column":6}},"16":{"start":{"line":51,"column":4},"end":{"line":54,"column":5}},"17":{"start":{"line":52,"column":6},"end":{"line":52,"column":31}},"18":{"start":{"line":53,"column":6},"end":{"line":53,"column":32}},"19":{"start":{"line":67,"column":30},"end":{"line":90,"column":4}},"20":{"start":{"line":69,"column":6},"end":{"line":90,"column":4}},"21":{"start":{"line":70,"column":18},"end":{"line":70,"column":32}},"22":{"start":{"line":71,"column":4},"end":{"line":71,"column":22}},"23":{"start":{"line":73,"column":4},"end":{"line":89,"column":5}},"24":{"start":{"line":74,"column":6},"end":{"line":74,"column":23}},"25":{"start":{"line":75,"column":6},"end":{"line":88,"column":7}},"26":{"start":{"line":76,"column":25},"end":{"line":76,"column":79}},"27":{"start":{"line":77,"column":21},"end":{"line":77,"column":42}},"28":{"start":{"line":79,"column":8},"end":{"line":83,"column":9}},"29":{"start":{"line":80,"column":10},"end":{"line":80,"column":50}},"30":{"start":{"line":81,"column":10},"end":{"line":81,"column":41}},"31":{"start":{"line":82,"column":10},"end":{"line":82,"column":45}},"32":{"start":{"line":85,"column":8},"end":{"line":85,"column":61}},"33":{"start":{"line":87,"column":8},"end":{"line":87,"column":26}},"34":{"start":{"line":92,"column":2},"end":{"line":246,"column":4}},"35":{"start":{"line":101,"column":53},"end":{"line":101,"column":71}},"36":{"start":{"line":115,"column":33},"end":{"line":115,"column":61}},"37":{"start":{"line":130,"column":33},"end":{"line":130,"column":60}},"38":{"start":{"line":162,"column":30},"end":{"line":162,"column":50}},"39":{"start":{"line":178,"column":31},"end":{"line":178,"column":63}},"40":{"start":{"line":194,"column":31},"end":{"line":194,"column":58}},"41":{"start":{"line":210,"column":31},"end":{"line":210,"column":58}},"42":{"start":{"line":226,"column":31},"end":{"line":226,"column":62}},"43":{"start":{"line":240,"column":31},"end":{"line":240,"column":64}},"44":{"start":{"line":249,"column":0},"end":{"line":249,"column":28}}},"fnMap":{"0":{"name":"(anonymous_8)","decl":{"start":{"line":18,"column":50},"end":{"line":18,"column":51}},"loc":{"start":{"line":18,"column":71},"end":{"line":247,"column":1}}},"1":{"name":"(anonymous_9)","decl":{"start":{"line":40,"column":12},"end":{"line":40,"column":15}},"loc":{"start":{"line":40,"column":17},"end":{"line":55,"column":3}}},"2":{"name":"(anonymous_10)","decl":{"start":{"line":67,"column":30},"end":{"line":67,"column":null}},"loc":{"start":{"line":69,"column":6},"end":{"line":90,"column":4}}},"3":{"name":"(anonymous_11)","decl":{"start":{"line":69,"column":6},"end":{"line":69,"column":null}},"loc":{"start":{"line":69,"column":6},"end":{"line":90,"column":3}}},"4":{"name":"(anonymous_12)","decl":{"start":{"line":101,"column":46},"end":{"line":101,"column":47}},"loc":{"start":{"line":101,"column":53},"end":{"line":101,"column":71}}},"5":{"name":"(anonymous_13)","decl":{"start":{"line":115,"column":26},"end":{"line":115,"column":27}},"loc":{"start":{"line":115,"column":33},"end":{"line":115,"column":61}}},"6":{"name":"(anonymous_14)","decl":{"start":{"line":130,"column":26},"end":{"line":130,"column":27}},"loc":{"start":{"line":130,"column":33},"end":{"line":130,"column":60}}},"7":{"name":"(anonymous_15)","decl":{"start":{"line":162,"column":24},"end":{"line":162,"column":27}},"loc":{"start":{"line":162,"column":30},"end":{"line":162,"column":50}}},"8":{"name":"(anonymous_16)","decl":{"start":{"line":178,"column":24},"end":{"line":178,"column":25}},"loc":{"start":{"line":178,"column":31},"end":{"line":178,"column":63}}},"9":{"name":"(anonymous_17)","decl":{"start":{"line":194,"column":24},"end":{"line":194,"column":25}},"loc":{"start":{"line":194,"column":31},"end":{"line":194,"column":58}}},"10":{"name":"(anonymous_18)","decl":{"start":{"line":210,"column":24},"end":{"line":210,"column":25}},"loc":{"start":{"line":210,"column":31},"end":{"line":210,"column":58}}},"11":{"name":"(anonymous_19)","decl":{"start":{"line":226,"column":24},"end":{"line":226,"column":25}},"loc":{"start":{"line":226,"column":31},"end":{"line":226,"column":62}}},"12":{"name":"(anonymous_20)","decl":{"start":{"line":240,"column":24},"end":{"line":240,"column":25}},"loc":{"start":{"line":240,"column":31},"end":{"line":240,"column":64}}}},"branchMap":{"0":{"loc":{"start":{"line":51,"column":4},"end":{"line":54,"column":5}},"type":"if","locations":[{"start":{"line":51,"column":4},"end":{"line":54,"column":5}}]},"1":{"loc":{"start":{"line":73,"column":4},"end":{"line":89,"column":5}},"type":"if","locations":[{"start":{"line":73,"column":4},"end":{"line":89,"column":5}}]},"2":{"loc":{"start":{"line":79,"column":8},"end":{"line":83,"column":9}},"type":"if","locations":[{"start":{"line":79,"column":8},"end":{"line":83,"column":9}}]},"3":{"loc":{"start":{"line":80,"column":27},"end":{"line":80,"column":48}},"type":"binary-expr","locations":[{"start":{"line":80,"column":27},"end":{"line":80,"column":42}},{"start":{"line":80,"column":46},"end":{"line":80,"column":48}}]},"4":{"loc":{"start":{"line":81,"column":22},"end":{"line":81,"column":39}},"type":"binary-expr","locations":[{"start":{"line":81,"column":22},"end":{"line":81,"column":33}},{"start":{"line":81,"column":37},"end":{"line":81,"column":39}}]},"5":{"loc":{"start":{"line":82,"column":22},"end":{"line":82,"column":43}},"type":"binary-expr","locations":[{"start":{"line":82,"column":22},"end":{"line":82,"column":37}},{"start":{"line":82,"column":41},"end":{"line":82,"column":43}}]},"6":{"loc":{"start":{"line":94,"column":7},"end":{"line":97,"column":null}},"type":"binary-expr","locations":[{"start":{"line":94,"column":7},"end":{"line":94,"column":14}},{"start":{"line":95,"column":8},"end":{"line":96,"column":null}}]}},"s":{"0":1,"1":1,"2":1,"3":14,"4":14,"5":14,"6":14,"7":14,"8":14,"9":14,"10":14,"11":14,"12":14,"13":14,"14":14,"15":12,"16":12,"17":4,"18":4,"19":14,"20":3,"21":3,"22":3,"23":3,"24":3,"25":3,"26":3,"27":3,"28":3,"29":3,"30":3,"31":3,"32":0,"33":3,"34":14,"35":0,"36":1,"37":1,"38":0,"39":0,"40":0,"41":0,"42":0,"43":0,"44":1},"f":{"0":14,"1":12,"2":3,"3":3,"4":0,"5":1,"6":1,"7":0,"8":0,"9":0,"10":0,"11":0,"12":0},"b":{"0":[4],"1":[3],"2":[3],"3":[3,0],"4":[3,0],"5":[3,0],"6":[14,6]}}
,"/home/leonildo/Compass/ti-rex-challenge3-persistence/src/components/common/LoadingSpinner.tsx": {"path":"/home/leonildo/Compass/ti-rex-challenge3-persistence/src/components/common/LoadingSpinner.tsx","statementMap":{"0":{"start":{"line":3,"column":33},"end":{"line":15,"column":1}},"1":{"start":{"line":4,"column":2},"end":{"line":14,"column":4}},"2":{"start":{"line":17,"column":0},"end":{"line":17,"column":30}}},"fnMap":{"0":{"name":"(anonymous_0)","decl":{"start":{"line":3,"column":33},"end":{"line":3,"column":36}},"loc":{"start":{"line":3,"column":38},"end":{"line":15,"column":1}}}},"branchMap":{},"s":{"0":2,"1":6,"2":2},"f":{"0":6},"b":{}}
,"/home/leonildo/Compass/ti-rex-challenge3-persistence/src/components/common/Pagination.tsx": {"path":"/home/leonildo/Compass/ti-rex-challenge3-persistence/src/components/common/Pagination.tsx","statementMap":{"0":{"start":{"line":10,"column":46},"end":{"line":58,"column":1}},"1":{"start":{"line":16,"column":21},"end":{"line":16,"column":57}},"2":{"start":{"line":18,"column":27},"end":{"line":22,"column":3}},"3":{"start":{"line":19,"column":4},"end":{"line":21,"column":5}},"4":{"start":{"line":20,"column":6},"end":{"line":20,"column":25}},"5":{"start":{"line":24,"column":16},"end":{"line":24,"column":67}},"6":{"start":{"line":24,"column":61},"end":{"line":24,"column":66}},"7":{"start":{"line":26,"column":2},"end":{"line":57,"column":4}},"8":{"start":{"line":29,"column":23},"end":{"line":29,"column":56}},"9":{"start":{"line":37,"column":8},"end":{"line":38,"column":null}},"10":{"start":{"line":39,"column":25},"end":{"line":39,"column":47}},"11":{"start":{"line":50,"column":23},"end":{"line":50,"column":56}},"12":{"start":{"line":60,"column":0},"end":{"line":60,"column":26}}},"fnMap":{"0":{"name":"(anonymous_0)","decl":{"start":{"line":10,"column":46},"end":{"line":10,"column":47}},"loc":{"start":{"line":15,"column":5},"end":{"line":58,"column":1}}},"1":{"name":"(anonymous_1)","decl":{"start":{"line":18,"column":27},"end":{"line":18,"column":28}},"loc":{"start":{"line":18,"column":44},"end":{"line":22,"column":3}}},"2":{"name":"(anonymous_2)","decl":{"start":{"line":24,"column":51},"end":{"line":24,"column":52}},"loc":{"start":{"line":24,"column":61},"end":{"line":24,"column":66}}},"3":{"name":"(anonymous_3)","decl":{"start":{"line":29,"column":17},"end":{"line":29,"column":20}},"loc":{"start":{"line":29,"column":23},"end":{"line":29,"column":56}}},"4":{"name":"(anonymous_4)","decl":{"start":{"line":36,"column":17},"end":{"line":36,"column":18}},"loc":{"start":{"line":37,"column":8},"end":{"line":38,"column":null}}},"5":{"name":"(anonymous_5)","decl":{"start":{"line":39,"column":19},"end":{"line":39,"column":22}},"loc":{"start":{"line":39,"column":25},"end":{"line":39,"column":47}}},"6":{"name":"(anonymous_6)","decl":{"start":{"line":50,"column":17},"end":{"line":50,"column":20}},"loc":{"start":{"line":50,"column":23},"end":{"line":50,"column":56}}}},"branchMap":{"0":{"loc":{"start":{"line":19,"column":4},"end":{"line":21,"column":5}},"type":"if","locations":[{"start":{"line":19,"column":4},"end":{"line":21,"column":5}}]},"1":{"loc":{"start":{"line":19,"column":8},"end":{"line":19,"column":38}},"type":"binary-expr","locations":[{"start":{"line":19,"column":8},"end":{"line":19,"column":16}},{"start":{"line":19,"column":20},"end":{"line":19,"column":38}}]},"2":{"loc":{"start":{"line":31,"column":96},"end":{"line":31,"column":124}},"type":"binary-expr","locations":[{"start":{"line":31,"column":96},"end":{"line":31,"column":112}},{"start":{"line":31,"column":116},"end":{"line":31,"column":124}}]},"3":{"loc":{"start":{"line":41,"column":12},"end":{"line":43,"column":null}},"type":"cond-expr","locations":[{"start":{"line":42,"column":16},"end":{"line":42,"column":80}},{"start":{"line":43,"column":16},"end":{"line":43,"column":null}}]}},"s":{"0":1,"1":8,"2":8,"3":3,"4":3,"5":8,"6":36,"7":8,"8":1,"9":36,"10":1,"11":1,"12":1},"f":{"0":8,"1":3,"2":36,"3":1,"4":36,"5":1,"6":1},"b":{"0":[3],"1":[3,3],"2":[8,5],"3":[8,28]}}
,"/home/leonildo/Compass/ti-rex-challenge3-persistence/src/components/common/PlaceOrder.tsx": {"path":"/home/leonildo/Compass/ti-rex-challenge3-persistence/src/components/common/PlaceOrder.tsx","statementMap":{"0":{"start":{"line":1,"column":0},"end":{"line":1,"column":40}},"1":{"start":{"line":2,"column":0},"end":{"line":2,"column":42}},"2":{"start":{"line":3,"column":0},"end":{"line":3,"column":66}},"3":{"start":{"line":4,"column":0},"end":{"line":4,"column":45}},"4":{"start":{"line":6,"column":0},"end":{"line":6,"column":46}},"5":{"start":{"line":20,"column":48},"end":{"line":192,"column":1}},"6":{"start":{"line":21,"column":19},"end":{"line":21,"column":28}},"7":{"start":{"line":22,"column":16},"end":{"line":22,"column":73}},"8":{"start":{"line":23,"column":29},"end":{"line":23,"column":66}},"9":{"start":{"line":24,"column":23},"end":{"line":24,"column":68}},"10":{"start":{"line":24,"column":57},"end":{"line":24,"column":67}},"11":{"start":{"line":25,"column":42},"end":{"line":25,"column":57}},"12":{"start":{"line":26,"column":42},"end":{"line":26,"column":57}},"13":{"start":{"line":27,"column":34},"end":{"line":27,"column":49}},"14":{"start":{"line":29,"column":20},"end":{"line":33,"column":5}},"15":{"start":{"line":29,"column":47},"end":{"line":33,"column":4}},"16":{"start":{"line":35,"column":27},"end":{"line":76,"column":4}},"17":{"start":{"line":35,"column":38},"end":{"line":76,"column":4}},"18":{"start":{"line":36,"column":22},"end":{"line":51,"column":6}},"19":{"start":{"line":53,"column":4},"end":{"line":53,"column":26}},"20":{"start":{"line":54,"column":4},"end":{"line":54,"column":null}},"21":{"start":{"line":55,"column":4},"end":{"line":75,"column":5}},"22":{"start":{"line":56,"column":23},"end":{"line":62,"column":null}},"23":{"start":{"line":65,"column":6},"end":{"line":67,"column":7}},"24":{"start":{"line":66,"column":8},"end":{"line":66,"column":49}},"25":{"start":{"line":69,"column":6},"end":{"line":69,"column":28}},"26":{"start":{"line":71,"column":6},"end":{"line":71,"column":72}},"27":{"start":{"line":73,"column":6},"end":{"line":73,"column":29}},"28":{"start":{"line":74,"column":6},"end":{"line":74,"column":null}},"29":{"start":{"line":78,"column":2},"end":{"line":191,"column":4}},"30":{"start":{"line":96,"column":16},"end":{"line":97,"column":null}},"31":{"start":{"line":174,"column":31},"end":{"line":174,"column":53}},"32":{"start":{"line":194,"column":0},"end":{"line":194,"column":26}}},"fnMap":{"0":{"name":"(anonymous_8)","decl":{"start":{"line":20,"column":48},"end":{"line":20,"column":49}},"loc":{"start":{"line":20,"column":65},"end":{"line":192,"column":1}}},"1":{"name":"(anonymous_9)","decl":{"start":{"line":24,"column":35},"end":{"line":24,"column":36}},"loc":{"start":{"line":24,"column":57},"end":{"line":24,"column":67}}},"2":{"name":"(anonymous_10)","decl":{"start":{"line":29,"column":33},"end":{"line":29,"column":34}},"loc":{"start":{"line":29,"column":47},"end":{"line":33,"column":4}}},"3":{"name":"(anonymous_11)","decl":{"start":{"line":35,"column":27},"end":{"line":35,"column":36}},"loc":{"start":{"line":35,"column":38},"end":{"line":76,"column":4}}},"4":{"name":"(anonymous_12)","decl":{"start":{"line":35,"column":38},"end":{"line":35,"column":null}},"loc":{"start":{"line":35,"column":38},"end":{"line":76,"column":3}}},"5":{"name":"(anonymous_13)","decl":{"start":{"line":95,"column":28},"end":{"line":95,"column":29}},"loc":{"start":{"line":96,"column":16},"end":{"line":97,"column":null}}},"6":{"name":"(anonymous_14)","decl":{"start":{"line":174,"column":25},"end":{"line":174,"column":28}},"loc":{"start":{"line":174,"column":31},"end":{"line":174,"column":53}}}},"branchMap":{"0":{"loc":{"start":{"line":22,"column":16},"end":{"line":22,"column":73}},"type":"binary-expr","locations":[{"start":{"line":22,"column":16},"end":{"line":22,"column":54}},{"start":{"line":22,"column":58},"end":{"line":22,"column":73}}]},"1":{"loc":{"start":{"line":22,"column":16},"end":{"line":22,"column":54}},"type":"cond-expr","locations":[{"start":{"line":22,"column":40},"end":{"line":22,"column":42}},{"start":{"line":22,"column":40},"end":{"line":22,"column":54}}]},"2":{"loc":{"start":{"line":22,"column":16},"end":{"line":22,"column":42}},"type":"binary-expr","locations":[{"start":{"line":22,"column":16},"end":{"line":22,"column":42}},{"start":{"line":22,"column":40},"end":{"line":22,"column":42}}]},"3":{"loc":{"start":{"line":22,"column":16},"end":{"line":22,"column":40}},"type":"cond-expr","locations":[{"start":{"line":22,"column":35},"end":{"line":22,"column":38}},{"start":{"line":22,"column":35},"end":{"line":22,"column":40}}]},"4":{"loc":{"start":{"line":22,"column":16},"end":{"line":22,"column":38}},"type":"binary-expr","locations":[{"start":{"line":22,"column":16},"end":{"line":22,"column":38}},{"start":{"line":22,"column":35},"end":{"line":22,"column":38}}]},"5":{"loc":{"start":{"line":65,"column":6},"end":{"line":67,"column":7}},"type":"if","locations":[{"start":{"line":65,"column":6},"end":{"line":67,"column":7}}]},"6":{"loc":{"start":{"line":71,"column":18},"end":{"line":71,"column":70}},"type":"cond-expr","locations":[{"start":{"line":71,"column":41},"end":{"line":71,"column":52}},{"start":{"line":71,"column":55},"end":{"line":71,"column":70}}]},"7":{"loc":{"start":{"line":80,"column":8},"end":{"line":83,"column":null}},"type":"binary-expr","locations":[{"start":{"line":80,"column":8},"end":{"line":80,"column":15}},{"start":{"line":81,"column":8},"end":{"line":82,"column":null}}]},"8":{"loc":{"start":{"line":164,"column":9},"end":{"line":179,"column":null}},"type":"binary-expr","locations":[{"start":{"line":164,"column":9},"end":{"line":164,"column":21}},{"start":{"line":165,"column":10},"end":{"line":178,"column":null}}]},"9":{"loc":{"start":{"line":186,"column":13},"end":{"line":186,"column":62}},"type":"cond-expr","locations":[{"start":{"line":186,"column":28},"end":{"line":186,"column":46}},{"start":{"line":186,"column":49},"end":{"line":186,"column":62}}]}},"s":{"0":1,"1":1,"2":1,"3":1,"4":1,"5":1,"6":8,"7":8,"8":8,"9":8,"10":13,"11":8,"12":8,"13":8,"14":8,"15":16,"16":8,"17":3,"18":3,"19":3,"20":3,"21":3,"22":3,"23":0,"24":0,"25":0,"26":3,"27":3,"28":3,"29":8,"30":16,"31":0,"32":1},"f":{"0":8,"1":13,"2":16,"3":3,"4":3,"5":16,"6":0},"b":{"0":[8,0],"1":[0,8],"2":[8,8],"3":[0,8],"4":[8,8],"5":[0],"6":[3,0],"7":[8,0],"8":[8,0],"9":[0,8]}}
,"/home/leonildo/Compass/ti-rex-challenge3-persistence/src/components/common/StarRating.tsx": {"path":"/home/leonildo/Compass/ti-rex-challenge3-persistence/src/components/common/StarRating.tsx","statementMap":{"0":{"start":{"line":7,"column":46},"end":{"line":27,"column":1}},"1":{"start":{"line":8,"column":21},"end":{"line":8,"column":22}},"2":{"start":{"line":10,"column":2},"end":{"line":26,"column":4}},"3":{"start":{"line":13,"column":31},"end":{"line":13,"column":77}},"4":{"start":{"line":14,"column":8},"end":{"line":23,"column":10}},"5":{"start":{"line":29,"column":0},"end":{"line":29,"column":26}}},"fnMap":{"0":{"name":"(anonymous_0)","decl":{"start":{"line":7,"column":46},"end":{"line":7,"column":47}},"loc":{"start":{"line":7,"column":61},"end":{"line":27,"column":1}}},"1":{"name":"(anonymous_1)","decl":{"start":{"line":12,"column":46},"end":{"line":12,"column":47}},"loc":{"start":{"line":12,"column":59},"end":{"line":24,"column":7}}}},"branchMap":{},"s":{"0":1,"1":5,"2":5,"3":25,"4":25,"5":1},"f":{"0":5,"1":25},"b":{}}
,"/home/leonildo/Compass/ti-rex-challenge3-persistence/src/components/common/ThankYouOverlay.tsx": {"path":"/home/leonildo/Compass/ti-rex-challenge3-persistence/src/components/common/ThankYouOverlay.tsx","statementMap":{"0":{"start":{"line":7,"column":56},"end":{"line":27,"column":1}},"1":{"start":{"line":8,"column":2},"end":{"line":26,"column":4}},"2":{"start":{"line":29,"column":0},"end":{"line":29,"column":31}}},"fnMap":{"0":{"name":"(anonymous_0)","decl":{"start":{"line":7,"column":56},"end":{"line":7,"column":57}},"loc":{"start":{"line":7,"column":72},"end":{"line":27,"column":1}}}},"branchMap":{},"s":{"0":1,"1":3,"2":1},"f":{"0":3},"b":{}}
,"/home/leonildo/Compass/ti-rex-challenge3-persistence/src/components/common/ThumbnailCarousel.tsx": {"path":"/home/leonildo/Compass/ti-rex-challenge3-persistence/src/components/common/ThumbnailCarousel.tsx","statementMap":{"0":{"start":{"line":1,"column":0},"end":{"line":1,"column":40}},"1":{"start":{"line":8,"column":56},"end":{"line":42,"column":1}},"2":{"start":{"line":9,"column":40},"end":{"line":10,"column":null}},"3":{"start":{"line":13,"column":2},"end":{"line":41,"column":4}},"4":{"start":{"line":17,"column":61},"end":{"line":25,"column":12}},"5":{"start":{"line":23,"column":29},"end":{"line":23,"column":50}},"6":{"start":{"line":44,"column":0},"end":{"line":44,"column":33}}},"fnMap":{"0":{"name":"(anonymous_0)","decl":{"start":{"line":8,"column":56},"end":{"line":8,"column":57}},"loc":{"start":{"line":8,"column":73},"end":{"line":42,"column":1}}},"1":{"name":"(anonymous_1)","decl":{"start":{"line":17,"column":43},"end":{"line":17,"column":44}},"loc":{"start":{"line":17,"column":60},"end":{"line":25,"column":12}}},"2":{"name":"(anonymous_2)","decl":{"start":{"line":23,"column":23},"end":{"line":23,"column":26}},"loc":{"start":{"line":23,"column":29},"end":{"line":23,"column":50}}}},"branchMap":{"0":{"loc":{"start":{"line":10,"column":4},"end":{"line":10,"column":35}},"type":"binary-expr","locations":[{"start":{"line":10,"column":4},"end":{"line":10,"column":27}},{"start":{"line":10,"column":31},"end":{"line":10,"column":35}}]},"1":{"loc":{"start":{"line":10,"column":4},"end":{"line":10,"column":27}},"type":"cond-expr","locations":[{"start":{"line":10,"column":22},"end":{"line":10,"column":25}},{"start":{"line":10,"column":22},"end":{"line":10,"column":27}}]},"2":{"loc":{"start":{"line":10,"column":4},"end":{"line":10,"column":25}},"type":"binary-expr","locations":[{"start":{"line":10,"column":4},"end":{"line":10,"column":25}},{"start":{"line":10,"column":22},"end":{"line":10,"column":25}}]},"3":{"loc":{"start":{"line":10,"column":4},"end":{"line":10,"column":22}},"type":"cond-expr","locations":[{"start":{"line":10,"column":15},"end":{"line":10,"column":17}},{"start":{"line":10,"column":15},"end":{"line":10,"column":22}}]},"4":{"loc":{"start":{"line":10,"column":4},"end":{"line":10,"column":17}},"type":"binary-expr","locations":[{"start":{"line":10,"column":4},"end":{"line":10,"column":17}},{"start":{"line":10,"column":15},"end":{"line":10,"column":17}}]},"5":{"loc":{"start":{"line":17,"column":11},"end":{"line":25,"column":12}},"type":"cond-expr","locations":[{"start":{"line":17,"column":22},"end":{"line":17,"column":24}},{"start":{"line":17,"column":22},"end":{"line":25,"column":12}}]},"6":{"loc":{"start":{"line":17,"column":11},"end":{"line":17,"column":24}},"type":"binary-expr","locations":[{"start":{"line":17,"column":11},"end":{"line":17,"column":24}},{"start":{"line":17,"column":22},"end":{"line":17,"column":24}}]},"7":{"loc":{"start":{"line":19,"column":22},"end":{"line":19,"column":37}},"type":"cond-expr","locations":[{"start":{"line":19,"column":33},"end":{"line":19,"column":35}},{"start":{"line":19,"column":33},"end":{"line":19,"column":37}}]},"8":{"loc":{"start":{"line":19,"column":22},"end":{"line":19,"column":35}},"type":"binary-expr","locations":[{"start":{"line":19,"column":22},"end":{"line":19,"column":35}},{"start":{"line":19,"column":33},"end":{"line":19,"column":35}}]},"9":{"loc":{"start":{"line":29,"column":11},"end":{"line":36,"column":null}},"type":"cond-expr","locations":[{"start":{"line":30,"column":12},"end":{"line":33,"column":null}},{"start":{"line":36,"column":12},"end":{"line":36,"column":48}}]}},"s":{"0":1,"1":1,"2":4,"3":4,"4":0,"5":0,"6":1},"f":{"0":4,"1":0,"2":0},"b":{"0":[4,1],"1":[1,3],"2":[4,4],"3":[1,3],"4":[4,4],"5":[1,3],"6":[4,4],"7":[0,0],"8":[0,0],"9":[3,1]}}
,"/home/leonildo/Compass/ti-rex-challenge3-persistence/src/components/layout/CheckoutSection.tsx": {"path":"/home/leonildo/Compass/ti-rex-challenge3-persistence/src/components/layout/CheckoutSection.tsx","statementMap":{"0":{"start":{"line":1,"column":0},"end":{"line":1,"column":40}},"1":{"start":{"line":2,"column":0},"end":{"line":2,"column":46}},"2":{"start":{"line":3,"column":0},"end":{"line":3,"column":50}},"3":{"start":{"line":15,"column":34},"end":{"line":36,"column":1}},"4":{"start":{"line":16,"column":34},"end":{"line":24,"column":4}},"5":{"start":{"line":26,"column":27},"end":{"line":28,"column":3}},"6":{"start":{"line":27,"column":4},"end":{"line":27,"column":22}},"7":{"start":{"line":30,"column":2},"end":{"line":35,"column":4}},"8":{"start":{"line":38,"column":0},"end":{"line":38,"column":31}}},"fnMap":{"0":{"name":"(anonymous_1)","decl":{"start":{"line":15,"column":34},"end":{"line":15,"column":37}},"loc":{"start":{"line":15,"column":39},"end":{"line":36,"column":1}}},"1":{"name":"(anonymous_2)","decl":{"start":{"line":26,"column":27},"end":{"line":26,"column":28}},"loc":{"start":{"line":26,"column":46},"end":{"line":28,"column":3}}}},"branchMap":{},"s":{"0":1,"1":1,"2":1,"3":1,"4":3,"5":3,"6":1,"7":3,"8":1},"f":{"0":3,"1":1},"b":{}}
,"/home/leonildo/Compass/ti-rex-challenge3-persistence/src/components/layout/ContactSection.tsx": {"path":"/home/leonildo/Compass/ti-rex-challenge3-persistence/src/components/layout/ContactSection.tsx","statementMap":{"0":{"start":{"line":1,"column":0},"end":{"line":1,"column":40}},"1":{"start":{"line":2,"column":0},"end":{"line":2,"column":56}},"2":{"start":{"line":10,"column":33},"end":{"line":206,"column":1}},"3":{"start":{"line":11,"column":26},"end":{"line":11,"column":38}},"4":{"start":{"line":12,"column":28},"end":{"line":12,"column":40}},"5":{"start":{"line":13,"column":32},"end":{"line":13,"column":44}},"6":{"start":{"line":14,"column":32},"end":{"line":14,"column":44}},"7":{"start":{"line":16,"column":30},"end":{"line":16,"column":54}},"8":{"start":{"line":17,"column":52},"end":{"line":17,"column":67}},"9":{"start":{"line":19,"column":23},"end":{"line":36,"column":3}},"10":{"start":{"line":20,"column":34},"end":{"line":20,"column":36}},"11":{"start":{"line":22,"column":4},"end":{"line":24,"column":5}},"12":{"start":{"line":23,"column":6},"end":{"line":23,"column":60}},"13":{"start":{"line":26,"column":4},"end":{"line":28,"column":5}},"14":{"start":{"line":27,"column":6},"end":{"line":27,"column":62}},"15":{"start":{"line":30,"column":4},"end":{"line":32,"column":5}},"16":{"start":{"line":31,"column":6},"end":{"line":31,"column":70}},"17":{"start":{"line":34,"column":4},"end":{"line":34,"column":25}},"18":{"start":{"line":35,"column":4},"end":{"line":35,"column":47}},"19":{"start":{"line":38,"column":23},"end":{"line":55,"column":3}},"20":{"start":{"line":39,"column":4},"end":{"line":39,"column":23}},"21":{"start":{"line":41,"column":4},"end":{"line":54,"column":5}},"22":{"start":{"line":42,"column":6},"end":{"line":47,"column":9}},"23":{"start":{"line":48,"column":6},"end":{"line":48,"column":18}},"24":{"start":{"line":49,"column":6},"end":{"line":49,"column":19}},"25":{"start":{"line":50,"column":6},"end":{"line":50,"column":21}},"26":{"start":{"line":51,"column":6},"end":{"line":51,"column":21}},"27":{"start":{"line":52,"column":6},"end":{"line":52,"column":20}},"28":{"start":{"line":53,"column":6},"end":{"line":53,"column":33}},"29":{"start":{"line":57,"column":2},"end":{"line":205,"column":4}},"30":{"start":{"line":130,"column":31},"end":{"line":130,"column":54}},"31":{"start":{"line":149,"column":31},"end":{"line":149,"column":55}},"32":{"start":{"line":168,"column":31},"end":{"line":168,"column":57}},"33":{"start":{"line":182,"column":31},"end":{"line":182,"column":57}},"34":{"start":{"line":202,"column":40},"end":{"line":202,"column":67}},"35":{"start":{"line":208,"column":0},"end":{"line":208,"column":30}}},"fnMap":{"0":{"name":"(anonymous_1)","decl":{"start":{"line":10,"column":33},"end":{"line":10,"column":36}},"loc":{"start":{"line":10,"column":38},"end":{"line":206,"column":1}}},"1":{"name":"(anonymous_2)","decl":{"start":{"line":19,"column":23},"end":{"line":19,"column":26}},"loc":{"start":{"line":19,"column":28},"end":{"line":36,"column":3}}},"2":{"name":"(anonymous_3)","decl":{"start":{"line":38,"column":23},"end":{"line":38,"column":24}},"loc":{"start":{"line":38,"column":46},"end":{"line":55,"column":3}}},"3":{"name":"(anonymous_4)","decl":{"start":{"line":130,"column":24},"end":{"line":130,"column":25}},"loc":{"start":{"line":130,"column":31},"end":{"line":130,"column":54}}},"4":{"name":"(anonymous_5)","decl":{"start":{"line":149,"column":24},"end":{"line":149,"column":25}},"loc":{"start":{"line":149,"column":31},"end":{"line":149,"column":55}}},"5":{"name":"(anonymous_6)","decl":{"start":{"line":168,"column":24},"end":{"line":168,"column":25}},"loc":{"start":{"line":168,"column":31},"end":{"line":168,"column":57}}},"6":{"name":"(anonymous_7)","decl":{"start":{"line":182,"column":24},"end":{"line":182,"column":25}},"loc":{"start":{"line":182,"column":31},"end":{"line":182,"column":57}}},"7":{"name":"(anonymous_8)","decl":{"start":{"line":202,"column":34},"end":{"line":202,"column":37}},"loc":{"start":{"line":202,"column":40},"end":{"line":202,"column":67}}}},"branchMap":{"0":{"loc":{"start":{"line":22,"column":4},"end":{"line":24,"column":5}},"type":"if","locations":[{"start":{"line":22,"column":4},"end":{"line":24,"column":5}}]},"1":{"loc":{"start":{"line":26,"column":4},"end":{"line":28,"column":5}},"type":"if","locations":[{"start":{"line":26,"column":4},"end":{"line":28,"column":5}}]},"2":{"loc":{"start":{"line":30,"column":4},"end":{"line":32,"column":5}},"type":"if","locations":[{"start":{"line":30,"column":4},"end":{"line":32,"column":5}}]},"3":{"loc":{"start":{"line":41,"column":4},"end":{"line":54,"column":5}},"type":"if","locations":[{"start":{"line":41,"column":4},"end":{"line":54,"column":5}}]},"4":{"loc":{"start":{"line":132,"column":16},"end":{"line":132,"column":null}},"type":"cond-expr","locations":[{"start":{"line":132,"column":30},"end":{"line":132,"column":46}},{"start":{"line":132,"column":49},"end":{"line":132,"column":null}}]},"5":{"loc":{"start":{"line":135,"column":13},"end":{"line":136,"column":null}},"type":"binary-expr","locations":[{"start":{"line":135,"column":13},"end":{"line":135,"column":24}},{"start":{"line":136,"column":14},"end":{"line":136,"column":72}}]},"6":{"loc":{"start":{"line":151,"column":16},"end":{"line":151,"column":null}},"type":"cond-expr","locations":[{"start":{"line":151,"column":31},"end":{"line":151,"column":47}},{"start":{"line":151,"column":50},"end":{"line":151,"column":null}}]},"7":{"loc":{"start":{"line":154,"column":13},"end":{"line":155,"column":null}},"type":"binary-expr","locations":[{"start":{"line":154,"column":13},"end":{"line":154,"column":25}},{"start":{"line":155,"column":14},"end":{"line":155,"column":73}}]},"8":{"loc":{"start":{"line":184,"column":16},"end":{"line":184,"column":null}},"type":"cond-expr","locations":[{"start":{"line":184,"column":33},"end":{"line":184,"column":49}},{"start":{"line":184,"column":52},"end":{"line":184,"column":null}}]},"9":{"loc":{"start":{"line":187,"column":13},"end":{"line":188,"column":null}},"type":"binary-expr","locations":[{"start":{"line":187,"column":13},"end":{"line":187,"column":27}},{"start":{"line":188,"column":14},"end":{"line":188,"column":75}}]},"10":{"loc":{"start":{"line":201,"column":7},"end":{"line":202,"column":null}},"type":"binary-expr","locations":[{"start":{"line":201,"column":7},"end":{"line":201,"column":24}},{"start":{"line":202,"column":8},"end":{"line":202,"column":71}}]}},"s":{"0":1,"1":1,"2":1,"3":19,"4":19,"5":19,"6":19,"7":19,"8":19,"9":19,"10":3,"11":3,"12":1,"13":3,"14":1,"15":3,"16":1,"17":3,"18":3,"19":19,"20":3,"21":3,"22":2,"23":2,"24":2,"25":2,"26":2,"27":2,"28":2,"29":19,"30":3,"31":3,"32":2,"33":3,"34":1,"35":1},"f":{"0":19,"1":3,"2":3,"3":3,"4":3,"5":2,"6":3,"7":1},"b":{"0":[1],"1":[1],"2":[1],"3":[2],"4":[1,18],"5":[19,1],"6":[1,18],"7":[19,1],"8":[1,18],"9":[19,1],"10":[19,2]}}
,"/home/leonildo/Compass/ti-rex-challenge3-persistence/src/components/layout/NotFoundSection.tsx": {"path":"/home/leonildo/Compass/ti-rex-challenge3-persistence/src/components/layout/NotFoundSection.tsx","statementMap":{"0":{"start":{"line":3,"column":34},"end":{"line":13,"column":1}},"1":{"start":{"line":4,"column":2},"end":{"line":12,"column":4}},"2":{"start":{"line":15,"column":0},"end":{"line":15,"column":31}}},"fnMap":{"0":{"name":"(anonymous_0)","decl":{"start":{"line":3,"column":34},"end":{"line":3,"column":37}},"loc":{"start":{"line":3,"column":39},"end":{"line":13,"column":1}}}},"branchMap":{},"s":{"0":1,"1":4,"2":1},"f":{"0":4},"b":{}}
,"/home/leonildo/Compass/ti-rex-challenge3-persistence/src/components/layout/ProfileMobileSection.tsx": {"path":"/home/leonildo/Compass/ti-rex-challenge3-persistence/src/components/layout/ProfileMobileSection.tsx","statementMap":{"0":{"start":{"line":2,"column":0},"end":{"line":2,"column":60}},"1":{"start":{"line":4,"column":39},"end":{"line":57,"column":1}},"2":{"start":{"line":5,"column":19},"end":{"line":5,"column":28}},"3":{"start":{"line":7,"column":16},"end":{"line":7,"column":73}},"4":{"start":{"line":8,"column":26},"end":{"line":8,"column":71}},"5":{"start":{"line":9,"column":30},"end":{"line":9,"column":78}},"6":{"start":{"line":11,"column":2},"end":{"line":56,"column":4}},"7":{"start":{"line":59,"column":0},"end":{"line":59,"column":36}}},"fnMap":{"0":{"name":"(anonymous_0)","decl":{"start":{"line":4,"column":39},"end":{"line":4,"column":42}},"loc":{"start":{"line":4,"column":44},"end":{"line":57,"column":1}}}},"branchMap":{"0":{"loc":{"start":{"line":7,"column":16},"end":{"line":7,"column":73}},"type":"binary-expr","locations":[{"start":{"line":7,"column":16},"end":{"line":7,"column":54}},{"start":{"line":7,"column":58},"end":{"line":7,"column":73}}]},"1":{"loc":{"start":{"line":7,"column":16},"end":{"line":7,"column":54}},"type":"cond-expr","locations":[{"start":{"line":7,"column":40},"end":{"line":7,"column":42}},{"start":{"line":7,"column":40},"end":{"line":7,"column":54}}]},"2":{"loc":{"start":{"line":7,"column":16},"end":{"line":7,"column":42}},"type":"binary-expr","locations":[{"start":{"line":7,"column":16},"end":{"line":7,"column":42}},{"start":{"line":7,"column":40},"end":{"line":7,"column":42}}]},"3":{"loc":{"start":{"line":7,"column":16},"end":{"line":7,"column":40}},"type":"cond-expr","locations":[{"start":{"line":7,"column":35},"end":{"line":7,"column":38}},{"start":{"line":7,"column":35},"end":{"line":7,"column":40}}]},"4":{"loc":{"start":{"line":7,"column":16},"end":{"line":7,"column":38}},"type":"binary-expr","locations":[{"start":{"line":7,"column":16},"end":{"line":7,"column":38}},{"start":{"line":7,"column":35},"end":{"line":7,"column":38}}]}},"s":{"0":1,"1":1,"2":8,"3":8,"4":8,"5":8,"6":8,"7":1},"f":{"0":8},"b":{"0":[8,0],"1":[0,8],"2":[8,8],"3":[0,8],"4":[8,8]}}
,"/home/leonildo/Compass/ti-rex-challenge3-persistence/src/components/layout/home/BannerSection.tsx": {"path":"/home/leonildo/Compass/ti-rex-challenge3-persistence/src/components/layout/home/BannerSection.tsx","statementMap":{"0":{"start":{"line":2,"column":0},"end":{"line":2,"column":41}},"1":{"start":{"line":5,"column":32},"end":{"line":27,"column":1}},"2":{"start":{"line":6,"column":2},"end":{"line":26,"column":4}},"3":{"start":{"line":29,"column":0},"end":{"line":29,"column":29}}},"fnMap":{"0":{"name":"(anonymous_1)","decl":{"start":{"line":5,"column":32},"end":{"line":5,"column":35}},"loc":{"start":{"line":5,"column":37},"end":{"line":27,"column":1}}}},"branchMap":{},"s":{"0":1,"1":1,"2":6,"3":1},"f":{"0":6},"b":{}}
,"/home/leonildo/Compass/ti-rex-challenge3-persistence/src/components/layout/home/BrowseSection.tsx": {"path":"/home/leonildo/Compass/ti-rex-challenge3-persistence/src/components/layout/home/BrowseSection.tsx","statementMap":{"0":{"start":{"line":3,"column":32},"end":{"line":49,"column":1}},"1":{"start":{"line":4,"column":16},"end":{"line":20,"column":4}},"2":{"start":{"line":22,"column":2},"end":{"line":48,"column":4}},"3":{"start":{"line":33,"column":10},"end":{"line":33,"column":27}},"4":{"start":{"line":51,"column":0},"end":{"line":51,"column":29}}},"fnMap":{"0":{"name":"(anonymous_0)","decl":{"start":{"line":3,"column":32},"end":{"line":3,"column":35}},"loc":{"start":{"line":3,"column":37},"end":{"line":49,"column":1}}},"1":{"name":"(anonymous_1)","decl":{"start":{"line":32,"column":19},"end":{"line":32,"column":20}},"loc":{"start":{"line":33,"column":10},"end":{"line":33,"column":27}}}},"branchMap":{},"s":{"0":1,"1":6,"2":6,"3":18,"4":1},"f":{"0":6,"1":18},"b":{}}
,"/home/leonildo/Compass/ti-rex-challenge3-persistence/src/components/user/action-types.tsx": {"path":"/home/leonildo/Compass/ti-rex-challenge3-persistence/src/components/user/action-types.tsx","statementMap":{"0":{"start":{"line":1,"column":24},"end":{"line":4,"column":null}},"1":{"start":{"line":6,"column":0},"end":{"line":6,"column":null}}},"fnMap":{},"branchMap":{},"s":{"0":1,"1":1},"f":{},"b":{}}
,"/home/leonildo/Compass/ti-rex-challenge3-persistence/src/components/user/reducer.tsx": {"path":"/home/leonildo/Compass/ti-rex-challenge3-persistence/src/components/user/reducer.tsx","statementMap":{"0":{"start":{"line":1,"column":0},"end":{"line":1,"column":45}},"1":{"start":{"line":3,"column":21},"end":{"line":5,"column":2}},"2":{"start":{"line":7,"column":20},"end":{"line":16,"column":1}},"3":{"start":{"line":8,"column":2},"end":{"line":15,"column":3}},"4":{"start":{"line":10,"column":6},"end":{"line":10,"column":55}},"5":{"start":{"line":12,"column":6},"end":{"line":12,"column":45}},"6":{"start":{"line":14,"column":6},"end":{"line":14,"column":19}},"7":{"start":{"line":18,"column":0},"end":{"line":18,"column":27}}},"fnMap":{"0":{"name":"(anonymous_1)","decl":{"start":{"line":7,"column":20},"end":{"line":7,"column":21}},"loc":{"start":{"line":7,"column":53},"end":{"line":16,"column":1}}}},"branchMap":{"0":{"loc":{"start":{"line":7,"column":21},"end":{"line":7,"column":41}},"type":"default-arg","locations":[{"start":{"line":7,"column":29},"end":{"line":7,"column":41}}]},"1":{"loc":{"start":{"line":8,"column":2},"end":{"line":15,"column":3}},"type":"switch","locations":[{"start":{"line":9,"column":4},"end":{"line":10,"column":55}},{"start":{"line":11,"column":4},"end":{"line":12,"column":45}},{"start":{"line":13,"column":4},"end":{"line":14,"column":19}}]}},"s":{"0":1,"1":1,"2":1,"3":3,"4":0,"5":0,"6":3,"7":1},"f":{"0":3},"b":{"0":[3],"1":[0,0,3]}}
,"/home/leonildo/Compass/ti-rex-challenge3-persistence/src/redux/store.tsx": {"path":"/home/leonildo/Compass/ti-rex-challenge3-persistence/src/redux/store.tsx","statementMap":{"0":{"start":{"line":1,"column":0},"end":{"line":1,"column":50}},"1":{"start":{"line":2,"column":0},"end":{"line":2,"column":53}},"2":{"start":{"line":3,"column":0},"end":{"line":3,"column":51}},"3":{"start":{"line":5,"column":13},"end":{"line":10,"column":3}}},"fnMap":{},"branchMap":{},"s":{"0":1,"1":1,"2":1,"3":1},"f":{},"b":{}}
}
