{"/home/leonildo/Compass/ti-rex-challenge3-persistence/src/components/common/BottomBanner.tsx": {"path":"/home/leonildo/Compass/ti-rex-challenge3-persistence/src/components/common/BottomBanner.tsx","statementMap":{"0":{"start":{"line":1,"column":0},"end":{"line":1,"column":26}},"1":{"start":{"line":3,"column":31},"end":{"line":73,"column":1}},"2":{"start":{"line":4,"column":2},"end":{"line":72,"column":4}},"3":{"start":{"line":75,"column":0},"end":{"line":75,"column":28}}},"fnMap":{"0":{"name":"(anonymous_1)","decl":{"start":{"line":3,"column":31},"end":{"line":3,"column":34}},"loc":{"start":{"line":3,"column":36},"end":{"line":73,"column":1}}}},"branchMap":{},"s":{"0":1,"1":1,"2":1,"3":1},"f":{"0":1},"b":{}}
}
