TN:
SF:src/components/cart/slice.tsx
FN:11,(anonymous_0)
FN:13,(anonymous_1)
FN:17,(anonymous_2)
FN:30,(anonymous_3)
FN:32,(anonymous_4)
FN:36,(anonymous_5)
FN:37,(anonymous_6)
FN:44,(anonymous_7)
FN:46,(anonymous_8)
FN:51,(anonymous_9)
FNF:10
FNH:0
FNDA:0,(anonymous_0)
FNDA:0,(anonymous_1)
FNDA:0,(anonymous_2)
FNDA:0,(anonymous_3)
FNDA:0,(anonymous_4)
FNDA:0,(anonymous_5)
FNDA:0,(anonymous_6)
FNDA:0,(anonymous_7)
FNDA:0,(anonymous_8)
FNDA:0,(anonymous_9)
DA:1,1
DA:3,1
DA:7,1
DA:12,0
DA:13,0
DA:16,0
DA:17,0
DA:18,0
DA:26,0
DA:31,0
DA:32,0
DA:37,0
DA:38,0
DA:45,0
DA:47,0
DA:51,0
DA:56,1
DA:63,1
LF:18
LH:5
BRDA:16,0,0,0
BRDA:16,0,1,0
BRDA:18,1,0,0
BRDA:18,1,1,0
BRDA:38,2,0,0
BRDA:38,2,1,0
BRDA:47,3,0,0
BRDA:47,3,1,0
BRF:8
BRH:0
end_of_record
TN:
SF:src/components/common/BottomBanner.tsx
FN:3,(anonymous_0)
FNF:1
FNH:1
FNDA:1,(anonymous_0)
DA:3,1
DA:4,1
DA:75,1
LF:3
LH:3
BRF:0
BRH:0
end_of_record
TN:
SF:src/components/common/Button.tsx
FN:63,(anonymous_0)
FN:69,(anonymous_1)
FNF:2
FNH:2
FNDA:7,(anonymous_0)
FNDA:7,(anonymous_1)
DA:18,1
DA:36,1
DA:63,1
DA:64,7
DA:65,6
DA:66,4
DA:69,1
DA:76,7
DA:77,7
DA:78,7
DA:80,7
DA:82,7
DA:89,1
LF:13
LH:13
BRDA:64,0,0,1
BRDA:65,1,0,2
BRF:2
BRH:2
end_of_record
TN:
SF:src/components/common/CheckoutForm.tsx
FN:18,(anonymous_8)
FN:40,(anonymous_9)
FN:67,(anonymous_10)
FN:69,(anonymous_11)
FN:101,(anonymous_12)
FN:115,(anonymous_13)
FN:130,(anonymous_14)
FN:162,(anonymous_15)
FN:178,(anonymous_16)
FN:194,(anonymous_17)
FN:210,(anonymous_18)
FN:226,(anonymous_19)
FN:240,(anonymous_20)
FNF:13
FNH:6
FNDA:14,(anonymous_8)
FNDA:12,(anonymous_9)
FNDA:3,(anonymous_10)
FNDA:3,(anonymous_11)
FNDA:0,(anonymous_12)
FNDA:1,(anonymous_13)
FNDA:1,(anonymous_14)
FNDA:0,(anonymous_15)
FNDA:0,(anonymous_16)
FNDA:0,(anonymous_17)
FNDA:0,(anonymous_18)
FNDA:0,(anonymous_19)
FNDA:0,(anonymous_20)
DA:1,1
DA:2,1
DA:18,1
DA:19,14
DA:20,14
DA:21,14
DA:22,14
DA:23,14
DA:24,14
DA:25,14
DA:26,14
DA:27,14
DA:28,14
DA:30,14
DA:40,14
DA:41,12
DA:51,12
DA:52,4
DA:53,4
DA:67,14
DA:69,3
DA:70,3
DA:71,3
DA:73,3
DA:74,3
DA:75,3
DA:76,3
DA:77,3
DA:79,3
DA:80,3
DA:81,3
DA:82,3
DA:85,0
DA:87,3
DA:92,14
DA:101,0
DA:115,1
DA:130,1
DA:162,0
DA:178,0
DA:194,0
DA:210,0
DA:226,0
DA:240,0
DA:249,1
LF:45
LH:37
BRDA:51,0,0,4
BRDA:73,1,0,3
BRDA:79,2,0,3
BRDA:80,3,0,3
BRDA:80,3,1,0
BRDA:81,4,0,3
BRDA:81,4,1,0
BRDA:82,5,0,3
BRDA:82,5,1,0
BRDA:94,6,0,14
BRDA:94,6,1,6
BRF:11
BRH:8
end_of_record
TN:
SF:src/components/common/LoadingSpinner.tsx
FN:3,(anonymous_0)
FNF:1
FNH:1
FNDA:6,(anonymous_0)
DA:3,2
DA:4,6
DA:17,2
LF:3
LH:3
BRF:0
BRH:0
end_of_record
TN:
SF:src/components/common/Pagination.tsx
FN:10,(anonymous_0)
FN:18,(anonymous_1)
FN:24,(anonymous_2)
FN:29,(anonymous_3)
FN:36,(anonymous_4)
FN:39,(anonymous_5)
FN:50,(anonymous_6)
FNF:7
FNH:7
FNDA:8,(anonymous_0)
FNDA:3,(anonymous_1)
FNDA:36,(anonymous_2)
FNDA:1,(anonymous_3)
FNDA:36,(anonymous_4)
FNDA:1,(anonymous_5)
FNDA:1,(anonymous_6)
DA:10,1
DA:16,8
DA:18,8
DA:19,3
DA:20,3
DA:24,36
DA:26,8
DA:29,1
DA:37,36
DA:39,1
DA:50,1
DA:60,1
LF:12
LH:12
BRDA:19,0,0,3
BRDA:19,1,0,3
BRDA:19,1,1,3
BRDA:31,2,0,8
BRDA:31,2,1,5
BRDA:41,3,0,8
BRDA:41,3,1,28
BRF:7
BRH:7
end_of_record
TN:
SF:src/components/common/PlaceOrder.tsx
FN:20,(anonymous_8)
FN:24,(anonymous_9)
FN:29,(anonymous_10)
FN:35,(anonymous_11)
FN:35,(anonymous_12)
FN:95,(anonymous_13)
FN:174,(anonymous_14)
FNF:7
FNH:6
FNDA:8,(anonymous_8)
FNDA:13,(anonymous_9)
FNDA:16,(anonymous_10)
FNDA:3,(anonymous_11)
FNDA:3,(anonymous_12)
FNDA:16,(anonymous_13)
FNDA:0,(anonymous_14)
DA:1,1
DA:2,1
DA:3,1
DA:4,1
DA:6,1
DA:20,1
DA:21,8
DA:22,8
DA:23,8
DA:24,13
DA:25,8
DA:26,8
DA:27,8
DA:29,16
DA:35,8
DA:36,3
DA:53,3
DA:54,3
DA:55,3
DA:56,3
DA:65,0
DA:66,0
DA:69,0
DA:71,3
DA:73,3
DA:74,3
DA:78,8
DA:96,16
DA:174,0
DA:194,1
LF:30
LH:26
BRDA:22,0,0,8
BRDA:22,0,1,0
BRDA:22,1,0,0
BRDA:22,1,1,8
BRDA:22,2,0,8
BRDA:22,2,1,8
BRDA:22,3,0,0
BRDA:22,3,1,8
BRDA:22,4,0,8
BRDA:22,4,1,8
BRDA:65,5,0,0
BRDA:71,6,0,3
BRDA:71,6,1,0
BRDA:80,7,0,8
BRDA:80,7,1,0
BRDA:164,8,0,8
BRDA:164,8,1,0
BRDA:186,9,0,0
BRDA:186,9,1,8
BRF:19
BRH:11
end_of_record
TN:
SF:src/components/common/StarRating.tsx
FN:7,(anonymous_0)
FN:12,(anonymous_1)
FNF:2
FNH:2
FNDA:5,(anonymous_0)
FNDA:25,(anonymous_1)
DA:7,1
DA:8,5
DA:10,5
DA:13,25
DA:14,25
DA:29,1
LF:6
LH:6
BRF:0
BRH:0
end_of_record
TN:
SF:src/components/common/ThankYouOverlay.tsx
FN:7,(anonymous_0)
FNF:1
FNH:1
FNDA:3,(anonymous_0)
DA:7,1
DA:8,3
DA:29,1
LF:3
LH:3
BRF:0
BRH:0
end_of_record
TN:
SF:src/components/common/ThumbnailCarousel.tsx
FN:8,(anonymous_0)
FN:17,(anonymous_1)
FN:23,(anonymous_2)
FNF:3
FNH:1
FNDA:4,(anonymous_0)
FNDA:0,(anonymous_1)
FNDA:0,(anonymous_2)
DA:1,1
DA:8,1
DA:9,4
DA:13,4
DA:17,0
DA:23,0
DA:44,1
LF:7
LH:5
BRDA:10,0,0,4
BRDA:10,0,1,1
BRDA:10,1,0,1
BRDA:10,1,1,3
BRDA:10,2,0,4
BRDA:10,2,1,4
BRDA:10,3,0,1
BRDA:10,3,1,3
BRDA:10,4,0,4
BRDA:10,4,1,4
BRDA:17,5,0,1
BRDA:17,5,1,3
BRDA:17,6,0,4
BRDA:17,6,1,4
BRDA:19,7,0,0
BRDA:19,7,1,0
BRDA:19,8,0,0
BRDA:19,8,1,0
BRDA:29,9,0,3
BRDA:29,9,1,1
BRF:20
BRH:16
end_of_record
TN:
SF:src/components/layout/CheckoutSection.tsx
FN:15,(anonymous_1)
FN:26,(anonymous_2)
FNF:2
FNH:2
FNDA:3,(anonymous_1)
FNDA:1,(anonymous_2)
DA:1,1
DA:2,1
DA:3,1
DA:15,1
DA:16,3
DA:26,3
DA:27,1
DA:30,3
DA:38,1
LF:9
LH:9
BRF:0
BRH:0
end_of_record
TN:
SF:src/components/layout/ContactSection.tsx
FN:10,(anonymous_1)
FN:19,(anonymous_2)
FN:38,(anonymous_3)
FN:130,(anonymous_4)
FN:149,(anonymous_5)
FN:168,(anonymous_6)
FN:182,(anonymous_7)
FN:202,(anonymous_8)
FNF:8
FNH:8
FNDA:19,(anonymous_1)
FNDA:3,(anonymous_2)
FNDA:3,(anonymous_3)
FNDA:3,(anonymous_4)
FNDA:3,(anonymous_5)
FNDA:2,(anonymous_6)
FNDA:3,(anonymous_7)
FNDA:1,(anonymous_8)
DA:1,1
DA:2,1
DA:10,1
DA:11,19
DA:12,19
DA:13,19
DA:14,19
DA:16,19
DA:17,19
DA:19,19
DA:20,3
DA:22,3
DA:23,1
DA:26,3
DA:27,1
DA:30,3
DA:31,1
DA:34,3
DA:35,3
DA:38,19
DA:39,3
DA:41,3
DA:42,2
DA:48,2
DA:49,2
DA:50,2
DA:51,2
DA:52,2
DA:53,2
DA:57,19
DA:130,3
DA:149,3
DA:168,2
DA:182,3
DA:202,1
DA:208,1
LF:36
LH:36
BRDA:22,0,0,1
BRDA:26,1,0,1
BRDA:30,2,0,1
BRDA:41,3,0,2
BRDA:132,4,0,1
BRDA:132,4,1,18
BRDA:135,5,0,19
BRDA:135,5,1,1
BRDA:151,6,0,1
BRDA:151,6,1,18
BRDA:154,7,0,19
BRDA:154,7,1,1
BRDA:184,8,0,1
BRDA:184,8,1,18
BRDA:187,9,0,19
BRDA:187,9,1,1
BRDA:201,10,0,19
BRDA:201,10,1,2
BRF:18
BRH:18
end_of_record
TN:
SF:src/components/layout/NotFoundSection.tsx
FN:3,(anonymous_0)
FNF:1
FNH:1
FNDA:4,(anonymous_0)
DA:3,1
DA:4,4
DA:15,1
LF:3
LH:3
BRF:0
BRH:0
end_of_record
TN:
SF:src/components/layout/ProfileMobileSection.tsx
FN:4,(anonymous_0)
FNF:1
FNH:1
FNDA:8,(anonymous_0)
DA:2,1
DA:4,1
DA:5,8
DA:7,8
DA:8,8
DA:9,8
DA:11,8
DA:59,1
LF:8
LH:8
BRDA:7,0,0,8
BRDA:7,0,1,0
BRDA:7,1,0,0
BRDA:7,1,1,8
BRDA:7,2,0,8
BRDA:7,2,1,8
BRDA:7,3,0,0
BRDA:7,3,1,8
BRDA:7,4,0,8
BRDA:7,4,1,8
BRF:10
BRH:7
end_of_record
TN:
SF:src/components/layout/home/BannerSection.tsx
FN:5,(anonymous_1)
FNF:1
FNH:1
FNDA:6,(anonymous_1)
DA:2,1
DA:5,1
DA:6,6
DA:29,1
LF:4
LH:4
BRF:0
BRH:0
end_of_record
TN:
SF:src/components/layout/home/BrowseSection.tsx
FN:3,(anonymous_0)
FN:32,(anonymous_1)
FNF:2
FNH:2
FNDA:6,(anonymous_0)
FNDA:18,(anonymous_1)
DA:3,1
DA:4,6
DA:22,6
DA:33,18
DA:51,1
LF:5
LH:5
BRF:0
BRH:0
end_of_record
TN:
SF:src/components/user/action-types.tsx
FNF:0
FNH:0
DA:1,1
DA:6,1
LF:2
LH:2
BRF:0
BRH:0
end_of_record
TN:
SF:src/components/user/reducer.tsx
FN:7,(anonymous_1)
FNF:1
FNH:1
FNDA:3,(anonymous_1)
DA:1,1
DA:3,1
DA:7,1
DA:8,3
DA:10,0
DA:12,0
DA:14,3
DA:18,1
LF:8
LH:6
BRDA:7,0,0,3
BRDA:8,1,0,0
BRDA:8,1,1,0
BRDA:8,1,2,3
BRF:4
BRH:2
end_of_record
TN:
SF:src/redux/store.tsx
FNF:0
FNH:0
DA:1,1
DA:2,1
DA:3,1
DA:5,1
LF:4
LH:4
BRF:0
BRH:0
end_of_record
